{"uuid":"1adad942-0cfe-44da-bf3c-2acf646f1fd1","historyId":"cb694891bae4a1b9a221cb952f907ef2","fullName":"src/test/resources/Features/Array.feature:25","labels":[{"name":"tag","value":"Array"},{"name":"tag","value":"Array3"},{"name":"host","value":"LAPTOP-9I75B5P0"},{"name":"thread","value":"17000@LAPTOP-9I75B5P0.TestNG-tests-3(26)"},{"name":"feature","value":"User is on Array Page"},{"name":"story","value":"The user is able run code in tryEditor for Arrays Using List page"},{"name":"suite","value":"User is on Array Page"},{"name":"testClass","value":"The user is able run code in tryEditor for Arrays Using List page"},{"name":"framework","value":"cucumber4jvm"},{"name":"language","value":"java"},{"name":"gherkin_uri","value":"file:///C:/Users/Manoj/git/DSAlgoProject_Test/src/test/resources/Features/Array.feature"},{"name":"package","value":"src.test.resources.Features.Array_feature.User is on Array Page"}],"links":[],"name":"The user is able run code in tryEditor for Arrays Using List page","status":"broken","statusDetails":{"known":false,"muted":false,"flaky":false,"message":"Fail to save: an error occurs while saving the package : The part /xl/worksheets/sheet2.xml failed to be saved in the stream with marshaller org.apache.poi.openxml4j.opc.internal.marshallers.DefaultMarshaller@3c7c0fda. Enable logging via Log4j 2 for more details.","trace":"org.apache.poi.openxml4j.exceptions.OpenXML4JRuntimeException: Fail to save: an error occurs while saving the package : The part /xl/worksheets/sheet2.xml failed to be saved in the stream with marshaller org.apache.poi.openxml4j.opc.internal.marshallers.DefaultMarshaller@3c7c0fda. Enable logging via Log4j 2 for more details.\r\n\tat org.apache.poi.openxml4j.opc.ZipPackage.saveImpl(ZipPackage.java:598)\r\n\tat org.apache.poi.openxml4j.opc.OPCPackage.save(OPCPackage.java:1496)\r\n\tat org.apache.poi.openxml4j.opc.OPCPackage.save(OPCPackage.java:1483)\r\n\tat org.apache.poi.openxml4j.opc.ZipPackage.closeImpl(ZipPackage.java:472)\r\n\tat org.apache.poi.openxml4j.opc.OPCPackage.close(OPCPackage.java:470)\r\n\tat org.apache.poi.ooxml.POIXMLDocument.close(POIXMLDocument.java:189)\r\n\tat org.apache.poi.xssf.usermodel.XSSFWorkbook.close(XSSFWorkbook.java:610)\r\n\tat Utilities.ExcelReader.getData(ExcelReader.java:26)\r\n\tat PageObjects.ArrayPage.runPythonCode(ArrayPage.java:104)\r\n\tat StepDefinitions.ArrayStepDefinition.the_user_enter_valid_python_code_in_try_editor_from_sheet_and(ArrayStepDefinition.java:92)\r\n\tat ✽.The user enter valid python code in tryEditor from sheet \"pythoncode\" and 0(file:///C:/Users/Manoj/git/DSAlgoProject_Test/src/test/resources/Features/Array.feature:19)\r\nCaused by: org.apache.poi.openxml4j.exceptions.OpenXML4JException: The part /xl/worksheets/sheet2.xml failed to be saved in the stream with marshaller org.apache.poi.openxml4j.opc.internal.marshallers.DefaultMarshaller@3c7c0fda. Enable logging via Log4j 2 for more details.\r\n\tat org.apache.poi.openxml4j.opc.ZipPackage.saveImpl(ZipPackage.java:587)\r\n\tat org.apache.poi.openxml4j.opc.OPCPackage.save(OPCPackage.java:1496)\r\n\tat org.apache.poi.openxml4j.opc.OPCPackage.save(OPCPackage.java:1483)\r\n\tat org.apache.poi.openxml4j.opc.ZipPackage.closeImpl(ZipPackage.java:472)\r\n\tat org.apache.poi.openxml4j.opc.OPCPackage.close(OPCPackage.java:470)\r\n\tat org.apache.poi.ooxml.POIXMLDocument.close(POIXMLDocument.java:189)\r\n\tat org.apache.poi.xssf.usermodel.XSSFWorkbook.close(XSSFWorkbook.java:610)\r\n\tat Utilities.ExcelReader.getData(ExcelReader.java:26)\r\n\tat PageObjects.ArrayPage.runPythonCode(ArrayPage.java:104)\r\n\tat StepDefinitions.ArrayStepDefinition.the_user_enter_valid_python_code_in_try_editor_from_sheet_and(ArrayStepDefinition.java:92)\r\n\tat java.base/jdk.internal.reflect.DirectMethodHandleAccessor.invoke(DirectMethodHandleAccessor.java:104)\r\n\tat java.base/java.lang.reflect.Method.invoke(Method.java:578)\r\n\tat io.cucumber.java.Invoker.doInvoke(Invoker.java:66)\r\n\tat io.cucumber.java.Invoker.invoke(Invoker.java:24)\r\n\tat io.cucumber.java.AbstractGlueDefinition.invokeMethod(AbstractGlueDefinition.java:47)\r\n\tat io.cucumber.java.JavaStepDefinition.execute(JavaStepDefinition.java:29)\r\n\tat io.cucumber.core.runner.CoreStepDefinition.execute(CoreStepDefinition.java:66)\r\n\tat io.cucumber.core.runner.PickleStepDefinitionMatch.runStep(PickleStepDefinitionMatch.java:63)\r\n\tat io.cucumber.core.runner.ExecutionMode$1.execute(ExecutionMode.java:10)\r\n\tat io.cucumber.core.runner.TestStep.executeStep(TestStep.java:84)\r\n\tat io.cucumber.core.runner.TestStep.run(TestStep.java:56)\r\n\tat io.cucumber.core.runner.PickleStepTestStep.run(PickleStepTestStep.java:51)\r\n\tat io.cucumber.core.runner.TestCase.run(TestCase.java:84)\r\n\tat io.cucumber.core.runner.Runner.runPickle(Runner.java:75)\r\n\tat io.cucumber.testng.TestNGCucumberRunner.lambda$runScenario$1(TestNGCucumberRunner.java:132)\r\n\tat io.cucumber.core.runtime.CucumberExecutionContext.lambda$runTestCase$5(CucumberExecutionContext.java:137)\r\n\tat io.cucumber.core.runtime.RethrowingThrowableCollector.executeAndThrow(RethrowingThrowableCollector.java:23)\r\n\tat io.cucumber.core.runtime.CucumberExecutionContext.runTestCase(CucumberExecutionContext.java:137)\r\n\tat io.cucumber.testng.TestNGCucumberRunner.runScenario(TestNGCucumberRunner.java:129)\r\n\tat io.cucumber.testng.AbstractTestNGCucumberTests.runScenario(AbstractTestNGCucumberTests.java:35)\r\n\tat java.base/jdk.internal.reflect.DirectMethodHandleAccessor.invoke(DirectMethodHandleAccessor.java:104)\r\n\tat java.base/java.lang.reflect.Method.invoke(Method.java:578)\r\n\tat org.testng.internal.invokers.MethodInvocationHelper.invokeMethod(MethodInvocationHelper.java:139)\r\n\tat org.testng.internal.invokers.TestInvoker.invokeMethod(TestInvoker.java:664)\r\n\tat org.testng.internal.invokers.TestInvoker.invokeTestMethod(TestInvoker.java:227)\r\n\tat org.testng.internal.invokers.MethodRunner.runInSequence(MethodRunner.java:50)\r\n\tat org.testng.internal.invokers.TestInvoker$MethodInvocationAgent.invoke(TestInvoker.java:957)\r\n\tat org.testng.internal.invokers.TestInvoker.invokeTestMethods(TestInvoker.java:200)\r\n\tat org.testng.internal.invokers.TestMethodWorker.invokeTestMethods(TestMethodWorker.java:148)\r\n\tat org.testng.internal.invokers.TestMethodWorker.run(TestMethodWorker.java:128)\r\n\tat java.base/java.util.ArrayList.forEach(ArrayList.java:1511)\r\n\tat org.testng.TestRunner.privateRun(TestRunner.java:848)\r\n\tat org.testng.TestRunner.run(TestRunner.java:621)\r\n\tat org.testng.SuiteRunner.runTest(SuiteRunner.java:443)\r\n\tat org.testng.SuiteRunner$SuiteWorker.run(SuiteRunner.java:481)\r\n\tat org.testng.internal.thread.ThreadUtil.lambda$execute$0(ThreadUtil.java:58)\r\n\tat java.base/java.util.concurrent.FutureTask.run(FutureTask.java:317)\r\n\tat java.base/java.util.concurrent.ThreadPoolExecutor.runWorker(ThreadPoolExecutor.java:1144)\r\n\tat java.base/java.util.concurrent.ThreadPoolExecutor$Worker.run(ThreadPoolExecutor.java:642)\r\n\tat java.base/java.lang.Thread.run(Thread.java:1623)\r\n"},"stage":"finished","steps":[{"name":"Given  The user is in a page having an tryEditor with a Run button to test","status":"passed","statusDetails":{"known":false,"muted":false,"flaky":false},"stage":"finished","steps":[],"attachments":[],"parameters":[],"start":1696886282237,"stop":1696886282548},{"name":"When  The user enter valid python code in tryEditor from sheet \"pythoncode\" and 0","status":"broken","statusDetails":{"known":false,"muted":false,"flaky":false,"message":"Fail to save: an error occurs while saving the package : The part /xl/worksheets/sheet2.xml failed to be saved in the stream with marshaller org.apache.poi.openxml4j.opc.internal.marshallers.DefaultMarshaller@3c7c0fda. Enable logging via Log4j 2 for more details.","trace":"org.apache.poi.openxml4j.exceptions.OpenXML4JRuntimeException: Fail to save: an error occurs while saving the package : The part /xl/worksheets/sheet2.xml failed to be saved in the stream with marshaller org.apache.poi.openxml4j.opc.internal.marshallers.DefaultMarshaller@3c7c0fda. Enable logging via Log4j 2 for more details.\r\n\tat org.apache.poi.openxml4j.opc.ZipPackage.saveImpl(ZipPackage.java:598)\r\n\tat org.apache.poi.openxml4j.opc.OPCPackage.save(OPCPackage.java:1496)\r\n\tat org.apache.poi.openxml4j.opc.OPCPackage.save(OPCPackage.java:1483)\r\n\tat org.apache.poi.openxml4j.opc.ZipPackage.closeImpl(ZipPackage.java:472)\r\n\tat org.apache.poi.openxml4j.opc.OPCPackage.close(OPCPackage.java:470)\r\n\tat org.apache.poi.ooxml.POIXMLDocument.close(POIXMLDocument.java:189)\r\n\tat org.apache.poi.xssf.usermodel.XSSFWorkbook.close(XSSFWorkbook.java:610)\r\n\tat Utilities.ExcelReader.getData(ExcelReader.java:26)\r\n\tat PageObjects.ArrayPage.runPythonCode(ArrayPage.java:104)\r\n\tat StepDefinitions.ArrayStepDefinition.the_user_enter_valid_python_code_in_try_editor_from_sheet_and(ArrayStepDefinition.java:92)\r\n\tat ✽.The user enter valid python code in tryEditor from sheet \"pythoncode\" and 0(file:///C:/Users/Manoj/git/DSAlgoProject_Test/src/test/resources/Features/Array.feature:19)\r\nCaused by: org.apache.poi.openxml4j.exceptions.OpenXML4JException: The part /xl/worksheets/sheet2.xml failed to be saved in the stream with marshaller org.apache.poi.openxml4j.opc.internal.marshallers.DefaultMarshaller@3c7c0fda. Enable logging via Log4j 2 for more details.\r\n\tat org.apache.poi.openxml4j.opc.ZipPackage.saveImpl(ZipPackage.java:587)\r\n\tat org.apache.poi.openxml4j.opc.OPCPackage.save(OPCPackage.java:1496)\r\n\tat org.apache.poi.openxml4j.opc.OPCPackage.save(OPCPackage.java:1483)\r\n\tat org.apache.poi.openxml4j.opc.ZipPackage.closeImpl(ZipPackage.java:472)\r\n\tat org.apache.poi.openxml4j.opc.OPCPackage.close(OPCPackage.java:470)\r\n\tat org.apache.poi.ooxml.POIXMLDocument.close(POIXMLDocument.java:189)\r\n\tat org.apache.poi.xssf.usermodel.XSSFWorkbook.close(XSSFWorkbook.java:610)\r\n\tat Utilities.ExcelReader.getData(ExcelReader.java:26)\r\n\tat PageObjects.ArrayPage.runPythonCode(ArrayPage.java:104)\r\n\tat StepDefinitions.ArrayStepDefinition.the_user_enter_valid_python_code_in_try_editor_from_sheet_and(ArrayStepDefinition.java:92)\r\n\tat java.base/jdk.internal.reflect.DirectMethodHandleAccessor.invoke(DirectMethodHandleAccessor.java:104)\r\n\tat java.base/java.lang.reflect.Method.invoke(Method.java:578)\r\n\tat io.cucumber.java.Invoker.doInvoke(Invoker.java:66)\r\n\tat io.cucumber.java.Invoker.invoke(Invoker.java:24)\r\n\tat io.cucumber.java.AbstractGlueDefinition.invokeMethod(AbstractGlueDefinition.java:47)\r\n\tat io.cucumber.java.JavaStepDefinition.execute(JavaStepDefinition.java:29)\r\n\tat io.cucumber.core.runner.CoreStepDefinition.execute(CoreStepDefinition.java:66)\r\n\tat io.cucumber.core.runner.PickleStepDefinitionMatch.runStep(PickleStepDefinitionMatch.java:63)\r\n\tat io.cucumber.core.runner.ExecutionMode$1.execute(ExecutionMode.java:10)\r\n\tat io.cucumber.core.runner.TestStep.executeStep(TestStep.java:84)\r\n\tat io.cucumber.core.runner.TestStep.run(TestStep.java:56)\r\n\tat io.cucumber.core.runner.PickleStepTestStep.run(PickleStepTestStep.java:51)\r\n\tat io.cucumber.core.runner.TestCase.run(TestCase.java:84)\r\n\tat io.cucumber.core.runner.Runner.runPickle(Runner.java:75)\r\n\tat io.cucumber.testng.TestNGCucumberRunner.lambda$runScenario$1(TestNGCucumberRunner.java:132)\r\n\tat io.cucumber.core.runtime.CucumberExecutionContext.lambda$runTestCase$5(CucumberExecutionContext.java:137)\r\n\tat io.cucumber.core.runtime.RethrowingThrowableCollector.executeAndThrow(RethrowingThrowableCollector.java:23)\r\n\tat io.cucumber.core.runtime.CucumberExecutionContext.runTestCase(CucumberExecutionContext.java:137)\r\n\tat io.cucumber.testng.TestNGCucumberRunner.runScenario(TestNGCucumberRunner.java:129)\r\n\tat io.cucumber.testng.AbstractTestNGCucumberTests.runScenario(AbstractTestNGCucumberTests.java:35)\r\n\tat java.base/jdk.internal.reflect.DirectMethodHandleAccessor.invoke(DirectMethodHandleAccessor.java:104)\r\n\tat java.base/java.lang.reflect.Method.invoke(Method.java:578)\r\n\tat org.testng.internal.invokers.MethodInvocationHelper.invokeMethod(MethodInvocationHelper.java:139)\r\n\tat org.testng.internal.invokers.TestInvoker.invokeMethod(TestInvoker.java:664)\r\n\tat org.testng.internal.invokers.TestInvoker.invokeTestMethod(TestInvoker.java:227)\r\n\tat org.testng.internal.invokers.MethodRunner.runInSequence(MethodRunner.java:50)\r\n\tat org.testng.internal.invokers.TestInvoker$MethodInvocationAgent.invoke(TestInvoker.java:957)\r\n\tat org.testng.internal.invokers.TestInvoker.invokeTestMethods(TestInvoker.java:200)\r\n\tat org.testng.internal.invokers.TestMethodWorker.invokeTestMethods(TestMethodWorker.java:148)\r\n\tat org.testng.internal.invokers.TestMethodWorker.run(TestMethodWorker.java:128)\r\n\tat java.base/java.util.ArrayList.forEach(ArrayList.java:1511)\r\n\tat org.testng.TestRunner.privateRun(TestRunner.java:848)\r\n\tat org.testng.TestRunner.run(TestRunner.java:621)\r\n\tat org.testng.SuiteRunner.runTest(SuiteRunner.java:443)\r\n\tat org.testng.SuiteRunner$SuiteWorker.run(SuiteRunner.java:481)\r\n\tat org.testng.internal.thread.ThreadUtil.lambda$execute$0(ThreadUtil.java:58)\r\n\tat java.base/java.util.concurrent.FutureTask.run(FutureTask.java:317)\r\n\tat java.base/java.util.concurrent.ThreadPoolExecutor.runWorker(ThreadPoolExecutor.java:1144)\r\n\tat java.base/java.util.concurrent.ThreadPoolExecutor$Worker.run(ThreadPoolExecutor.java:642)\r\n\tat java.base/java.lang.Thread.run(Thread.java:1623)\r\n"},"stage":"finished","steps":[],"attachments":[],"parameters":[],"start":1696886282549,"stop":1696886283738},{"name":"And  The user clicks run button","status":"skipped","statusDetails":{"known":false,"muted":false,"flaky":false},"stage":"finished","steps":[],"attachments":[],"parameters":[],"start":1696886284070,"stop":1696886284071},{"name":"Then  The user should be presented with Run result","status":"skipped","statusDetails":{"known":false,"muted":false,"flaky":false},"stage":"finished","steps":[],"attachments":[],"parameters":[],"start":1696886284071,"stop":1696886284072}],"attachments":[],"parameters":[{"name":"Sheetname","value":"pythoncode"},{"name":"RowNumber","value":"0"}],"start":1696886282236,"stop":1696886284073}