{"uuid":"4e0a50c7-2fae-408b-ae79-d02dbde364c7","historyId":"e4096471536948b8b39bf77c9492be3","fullName":"src/test/resources/Features/LinkedList.feature:37","labels":[{"name":"tag","value":"LinkedList"},{"name":"tag","value":"LinkedList4"},{"name":"host","value":"LAPTOP-9I75B5P0"},{"name":"thread","value":"8648@LAPTOP-9I75B5P0.main(1)"},{"name":"feature","value":"User is on LinkedList page"},{"name":"story","value":"The user getting error message with invalid python code for Introduction page"},{"name":"suite","value":"User is on LinkedList page"},{"name":"testClass","value":"The user getting error message with invalid python code for Introduction page"},{"name":"framework","value":"cucumber4jvm"},{"name":"language","value":"java"},{"name":"gherkin_uri","value":"file:///C:/Users/Manoj/git/DSAlgoProject_Test/src/test/resources/Features/LinkedList.feature"},{"name":"package","value":"src.test.resources.Features.LinkedList_feature.User is on LinkedList page"}],"links":[],"name":"The user getting error message with invalid python code for Introduction page","status":"broken","statusDetails":{"known":false,"muted":false,"flaky":false,"message":"no such alert\n  (Session info: chrome=117.0.5938.132)\nBuild info: version: '4.12.1', revision: '8e34639b11'\nSystem info: os.name: 'Windows 10', os.arch: 'amd64', os.version: '10.0', java.version: '20.0.1'\nDriver info: org.openqa.selenium.chrome.ChromeDriver\nCommand: [6c27ffa004e3ce8d7efddcca55db73c5, getAlertText {}]\nCapabilities {acceptInsecureCerts: false, browserName: chrome, browserVersion: 117.0.5938.132, chrome: {chromedriverVersion: 116.0.5845.96 (1a3918166880..., userDataDir: C:\\Users\\Manoj\\AppData\\Loca...}, fedcm:accounts: true, goog:chromeOptions: {debuggerAddress: localhost:64710}, networkConnectionEnabled: false, pageLoadStrategy: normal, platformName: windows, proxy: Proxy(), se:cdp: ws://localhost:64710/devtoo..., se:cdpVersion: 117.0.5938.132, setWindowRect: true, strictFileInteractability: false, timeouts: {implicit: 0, pageLoad: 300000, script: 30000}, unhandledPromptBehavior: dismiss and notify, webauthn:extension:credBlob: true, webauthn:extension:largeBlob: true, webauthn:extension:minPinLength: true, webauthn:extension:prf: true, webauthn:virtualAuthenticators: true}\nSession ID: 6c27ffa004e3ce8d7efddcca55db73c5","trace":"org.openqa.selenium.NoAlertPresentException: no such alert\n  (Session info: chrome=117.0.5938.132)\nBuild info: version: '4.12.1', revision: '8e34639b11'\nSystem info: os.name: 'Windows 10', os.arch: 'amd64', os.version: '10.0', java.version: '20.0.1'\nDriver info: org.openqa.selenium.chrome.ChromeDriver\nCommand: [6c27ffa004e3ce8d7efddcca55db73c5, getAlertText {}]\nCapabilities {acceptInsecureCerts: false, browserName: chrome, browserVersion: 117.0.5938.132, chrome: {chromedriverVersion: 116.0.5845.96 (1a3918166880..., userDataDir: C:\\Users\\Manoj\\AppData\\Loca...}, fedcm:accounts: true, goog:chromeOptions: {debuggerAddress: localhost:64710}, networkConnectionEnabled: false, pageLoadStrategy: normal, platformName: windows, proxy: Proxy(), se:cdp: ws://localhost:64710/devtoo..., se:cdpVersion: 117.0.5938.132, setWindowRect: true, strictFileInteractability: false, timeouts: {implicit: 0, pageLoad: 300000, script: 30000}, unhandledPromptBehavior: dismiss and notify, webauthn:extension:credBlob: true, webauthn:extension:largeBlob: true, webauthn:extension:minPinLength: true, webauthn:extension:prf: true, webauthn:virtualAuthenticators: true}\nSession ID: 6c27ffa004e3ce8d7efddcca55db73c5\r\n\tat java.base/jdk.internal.reflect.DirectConstructorHandleAccessor.newInstance(DirectConstructorHandleAccessor.java:67)\r\n\tat java.base/java.lang.reflect.Constructor.newInstanceWithCaller(Constructor.java:500)\r\n\tat java.base/java.lang.reflect.Constructor.newInstance(Constructor.java:484)\r\n\tat org.openqa.selenium.remote.codec.w3c.W3CHttpResponseCodec.createException(W3CHttpResponseCodec.java:200)\r\n\tat org.openqa.selenium.remote.codec.w3c.W3CHttpResponseCodec.decode(W3CHttpResponseCodec.java:133)\r\n\tat org.openqa.selenium.remote.codec.w3c.W3CHttpResponseCodec.decode(W3CHttpResponseCodec.java:52)\r\n\tat org.openqa.selenium.remote.HttpCommandExecutor.execute(HttpCommandExecutor.java:191)\r\n\tat org.openqa.selenium.remote.service.DriverCommandExecutor.invokeExecute(DriverCommandExecutor.java:196)\r\n\tat org.openqa.selenium.remote.service.DriverCommandExecutor.execute(DriverCommandExecutor.java:171)\r\n\tat org.openqa.selenium.remote.RemoteWebDriver.execute(RemoteWebDriver.java:602)\r\n\tat org.openqa.selenium.remote.RemoteWebDriver.execute(RemoteWebDriver.java:675)\r\n\tat org.openqa.selenium.remote.RemoteWebDriver.execute(RemoteWebDriver.java:679)\r\n\tat org.openqa.selenium.remote.RemoteWebDriver$RemoteTargetLocator.alert(RemoteWebDriver.java:1191)\r\n\tat PageObjects.LinkedListPage.getErrorText(LinkedListPage.java:118)\r\n\tat StepDefinitions.LinkedListStepDefinition.the_user_get_the_error_message(LinkedListStepDefinition.java:94)\r\n\tat ✽.The user get the error message(file:///C:/Users/Manoj/git/DSAlgoProject_Test/src/test/resources/Features/LinkedList.feature:33)\r\n"},"stage":"finished","steps":[{"name":"Given  The user is in a try here page having  tryEditor with a Run button to test","status":"passed","statusDetails":{"known":false,"muted":false,"flaky":false},"stage":"finished","steps":[],"attachments":[],"parameters":[],"start":1696389889824,"stop":1696389890143},{"name":"When  The user Enter invalid python code in tryEditor from sheet \"pythonCode\" and 0","status":"passed","statusDetails":{"known":false,"muted":false,"flaky":false},"stage":"finished","steps":[],"attachments":[],"parameters":[],"start":1696389890155,"stop":1696389890320},{"name":"And  user click on Run button","status":"passed","statusDetails":{"known":false,"muted":false,"flaky":false},"stage":"finished","steps":[],"attachments":[],"parameters":[],"start":1696389890321,"stop":1696389890381},{"name":"Then  The user get the error message","status":"broken","statusDetails":{"known":false,"muted":false,"flaky":false,"message":"no such alert\n  (Session info: chrome=117.0.5938.132)\nBuild info: version: '4.12.1', revision: '8e34639b11'\nSystem info: os.name: 'Windows 10', os.arch: 'amd64', os.version: '10.0', java.version: '20.0.1'\nDriver info: org.openqa.selenium.chrome.ChromeDriver\nCommand: [6c27ffa004e3ce8d7efddcca55db73c5, getAlertText {}]\nCapabilities {acceptInsecureCerts: false, browserName: chrome, browserVersion: 117.0.5938.132, chrome: {chromedriverVersion: 116.0.5845.96 (1a3918166880..., userDataDir: C:\\Users\\Manoj\\AppData\\Loca...}, fedcm:accounts: true, goog:chromeOptions: {debuggerAddress: localhost:64710}, networkConnectionEnabled: false, pageLoadStrategy: normal, platformName: windows, proxy: Proxy(), se:cdp: ws://localhost:64710/devtoo..., se:cdpVersion: 117.0.5938.132, setWindowRect: true, strictFileInteractability: false, timeouts: {implicit: 0, pageLoad: 300000, script: 30000}, unhandledPromptBehavior: dismiss and notify, webauthn:extension:credBlob: true, webauthn:extension:largeBlob: true, webauthn:extension:minPinLength: true, webauthn:extension:prf: true, webauthn:virtualAuthenticators: true}\nSession ID: 6c27ffa004e3ce8d7efddcca55db73c5","trace":"org.openqa.selenium.NoAlertPresentException: no such alert\n  (Session info: chrome=117.0.5938.132)\nBuild info: version: '4.12.1', revision: '8e34639b11'\nSystem info: os.name: 'Windows 10', os.arch: 'amd64', os.version: '10.0', java.version: '20.0.1'\nDriver info: org.openqa.selenium.chrome.ChromeDriver\nCommand: [6c27ffa004e3ce8d7efddcca55db73c5, getAlertText {}]\nCapabilities {acceptInsecureCerts: false, browserName: chrome, browserVersion: 117.0.5938.132, chrome: {chromedriverVersion: 116.0.5845.96 (1a3918166880..., userDataDir: C:\\Users\\Manoj\\AppData\\Loca...}, fedcm:accounts: true, goog:chromeOptions: {debuggerAddress: localhost:64710}, networkConnectionEnabled: false, pageLoadStrategy: normal, platformName: windows, proxy: Proxy(), se:cdp: ws://localhost:64710/devtoo..., se:cdpVersion: 117.0.5938.132, setWindowRect: true, strictFileInteractability: false, timeouts: {implicit: 0, pageLoad: 300000, script: 30000}, unhandledPromptBehavior: dismiss and notify, webauthn:extension:credBlob: true, webauthn:extension:largeBlob: true, webauthn:extension:minPinLength: true, webauthn:extension:prf: true, webauthn:virtualAuthenticators: true}\nSession ID: 6c27ffa004e3ce8d7efddcca55db73c5\r\n\tat java.base/jdk.internal.reflect.DirectConstructorHandleAccessor.newInstance(DirectConstructorHandleAccessor.java:67)\r\n\tat java.base/java.lang.reflect.Constructor.newInstanceWithCaller(Constructor.java:500)\r\n\tat java.base/java.lang.reflect.Constructor.newInstance(Constructor.java:484)\r\n\tat org.openqa.selenium.remote.codec.w3c.W3CHttpResponseCodec.createException(W3CHttpResponseCodec.java:200)\r\n\tat org.openqa.selenium.remote.codec.w3c.W3CHttpResponseCodec.decode(W3CHttpResponseCodec.java:133)\r\n\tat org.openqa.selenium.remote.codec.w3c.W3CHttpResponseCodec.decode(W3CHttpResponseCodec.java:52)\r\n\tat org.openqa.selenium.remote.HttpCommandExecutor.execute(HttpCommandExecutor.java:191)\r\n\tat org.openqa.selenium.remote.service.DriverCommandExecutor.invokeExecute(DriverCommandExecutor.java:196)\r\n\tat org.openqa.selenium.remote.service.DriverCommandExecutor.execute(DriverCommandExecutor.java:171)\r\n\tat org.openqa.selenium.remote.RemoteWebDriver.execute(RemoteWebDriver.java:602)\r\n\tat org.openqa.selenium.remote.RemoteWebDriver.execute(RemoteWebDriver.java:675)\r\n\tat org.openqa.selenium.remote.RemoteWebDriver.execute(RemoteWebDriver.java:679)\r\n\tat org.openqa.selenium.remote.RemoteWebDriver$RemoteTargetLocator.alert(RemoteWebDriver.java:1191)\r\n\tat PageObjects.LinkedListPage.getErrorText(LinkedListPage.java:118)\r\n\tat StepDefinitions.LinkedListStepDefinition.the_user_get_the_error_message(LinkedListStepDefinition.java:94)\r\n\tat ✽.The user get the error message(file:///C:/Users/Manoj/git/DSAlgoProject_Test/src/test/resources/Features/LinkedList.feature:33)\r\n"},"stage":"finished","steps":[],"attachments":[],"parameters":[],"start":1696389890382,"stop":1696389890401}],"attachments":[],"parameters":[{"name":"Sheetname","value":"pythonCode"},{"name":"RowNumber","value":"0"}],"start":1696389889823,"stop":1696389890678}