{"uuid":"723aea3a-e329-4644-8b2d-6ff8505e7324","historyId":"2cea99a48e89885d7d4fc9d35c5c673d","fullName":"src/test/resources/Features/Register.feature:73","labels":[{"name":"tag","value":"Register"},{"name":"tag","value":"Register10"},{"name":"host","value":"LAPTOP-9I75B5P0"},{"name":"thread","value":"22796@LAPTOP-9I75B5P0.main(1)"},{"name":"feature","value":"Validating Register page"},{"name":"story","value":"The user is presented with error message for commonly used password"},{"name":"suite","value":"Validating Register page"},{"name":"testClass","value":"The user is presented with error message for commonly used password"},{"name":"framework","value":"cucumber4jvm"},{"name":"language","value":"java"},{"name":"gherkin_uri","value":"file:///C:/Users/Manoj/git/DSAlgoProject_Test/src/test/resources/Features/Register.feature"},{"name":"package","value":"src.test.resources.Features.Register_feature.Validating Register page"}],"links":[],"name":"The user is presented with error message for commonly used password","status":"failed","statusDetails":{"known":false,"muted":false,"flaky":false,"message":"expected [Password can�t be commonly used password] but found [password_mismatch:The two password fields didn’t match.]","trace":"java.lang.AssertionError: expected [Password can�t be commonly used password] but found [password_mismatch:The two password fields didn’t match.]\r\n\tat org.testng.Assert.fail(Assert.java:111)\r\n\tat org.testng.Assert.failNotEquals(Assert.java:1578)\r\n\tat org.testng.Assert.assertEqualsImpl(Assert.java:150)\r\n\tat org.testng.Assert.assertEquals(Assert.java:132)\r\n\tat org.testng.Assert.assertEquals(Assert.java:656)\r\n\tat org.testng.Assert.assertEquals(Assert.java:666)\r\n\tat StepDefinitions.RegisterStepDefinition.it_should_display_an_error_message(RegisterStepDefinition.java:89)\r\n\tat ✽.It should display an error message \"Password can�t be commonly used password\"(file:///C:/Users/Manoj/git/DSAlgoProject_Test/src/test/resources/Features/Register.feature:78)\r\n"},"stage":"finished","steps":[{"name":"Given  The user opens Register Page","status":"passed","statusDetails":{"known":false,"muted":false,"flaky":false},"stage":"finished","steps":[],"attachments":[],"parameters":[],"start":1696659167122,"stop":1696659167249},{"name":"When  The user enters a valid \"username\" and commonly used password \"password\"","status":"passed","statusDetails":{"known":false,"muted":false,"flaky":false},"stage":"finished","steps":[],"attachments":[{"name":"Data table","source":"e87ceb5c-c3d3-4e6b-ac3b-661ff20e2f33-attachment.csv","type":"text/tab-separated-values"}],"parameters":[],"start":1696659167251,"stop":1696659167468},{"name":"Then  It should display an error message \"Password can�t be commonly used password\"","status":"failed","statusDetails":{"known":false,"muted":false,"flaky":false,"message":"expected [Password can�t be commonly used password] but found [password_mismatch:The two password fields didn’t match.]","trace":"java.lang.AssertionError: expected [Password can�t be commonly used password] but found [password_mismatch:The two password fields didn’t match.]\r\n\tat org.testng.Assert.fail(Assert.java:111)\r\n\tat org.testng.Assert.failNotEquals(Assert.java:1578)\r\n\tat org.testng.Assert.assertEqualsImpl(Assert.java:150)\r\n\tat org.testng.Assert.assertEquals(Assert.java:132)\r\n\tat org.testng.Assert.assertEquals(Assert.java:656)\r\n\tat org.testng.Assert.assertEquals(Assert.java:666)\r\n\tat StepDefinitions.RegisterStepDefinition.it_should_display_an_error_message(RegisterStepDefinition.java:89)\r\n\tat ✽.It should display an error message \"Password can�t be commonly used password\"(file:///C:/Users/Manoj/git/DSAlgoProject_Test/src/test/resources/Features/Register.feature:78)\r\n"},"stage":"finished","steps":[],"attachments":[],"parameters":[],"start":1696659167470,"stop":1696659167500}],"attachments":[],"parameters":[],"start":1696659167120,"stop":1696659167503}