{"uuid":"aada963c-5dde-4ca9-89b0-0ed083a8b538","historyId":"4378433bac420028bee3f4672a3e5c52","fullName":"src/test/resources/Features/Register.feature:33","labels":[{"name":"tag","value":"Register"},{"name":"tag","value":"Register05"},{"name":"host","value":"LAPTOP-9I75B5P0"},{"name":"thread","value":"2228@LAPTOP-9I75B5P0.main(1)"},{"name":"feature","value":"Validating Register page"},{"name":"story","value":"The user is presented with error message for invalid username"},{"name":"suite","value":"Validating Register page"},{"name":"testClass","value":"The user is presented with error message for invalid username"},{"name":"framework","value":"cucumber4jvm"},{"name":"language","value":"java"},{"name":"gherkin_uri","value":"file:///C:/Users/Manoj/git/DSAlgoProject_Test/src/test/resources/Features/Register.feature"},{"name":"package","value":"src.test.resources.Features.Register_feature.Validating Register page"}],"links":[],"name":"The user is presented with error message for invalid username","status":"failed","statusDetails":{"known":false,"muted":false,"flaky":false,"message":"expected [Please enter a valid username] but found [password_mismatch:The two password fields didn’t match.]","trace":"java.lang.AssertionError: expected [Please enter a valid username] but found [password_mismatch:The two password fields didn’t match.]\r\n\tat org.testng.Assert.fail(Assert.java:111)\r\n\tat org.testng.Assert.failNotEquals(Assert.java:1578)\r\n\tat org.testng.Assert.assertEqualsImpl(Assert.java:150)\r\n\tat org.testng.Assert.assertEquals(Assert.java:132)\r\n\tat org.testng.Assert.assertEquals(Assert.java:656)\r\n\tat org.testng.Assert.assertEquals(Assert.java:666)\r\n\tat StepDefinitions.RegisterStepDefinition.it_should_display_an_error_message(RegisterStepDefinition.java:89)\r\n\tat ✽.It should display an error message \"Please enter a valid username\"(file:///C:/Users/Manoj/git/DSAlgoProject_Test/src/test/resources/Features/Register.feature:38)\r\n"},"stage":"finished","steps":[{"name":"Given  The user opens Register Page","status":"passed","statusDetails":{"known":false,"muted":false,"flaky":false},"stage":"finished","steps":[],"attachments":[],"parameters":[],"start":1696877781667,"stop":1696877781811},{"name":"When  The user enters a \"username\" with characters other than Letters, digits and \"@/./+/-/_\"","status":"passed","statusDetails":{"known":false,"muted":false,"flaky":false},"stage":"finished","steps":[],"attachments":[{"name":"Data table","source":"85ae9564-ad42-42b7-a78f-3837fdefe1e2-attachment.csv","type":"text/tab-separated-values"}],"parameters":[],"start":1696877781811,"stop":1696877782024},{"name":"Then  It should display an error message \"Please enter a valid username\"","status":"failed","statusDetails":{"known":false,"muted":false,"flaky":false,"message":"expected [Please enter a valid username] but found [password_mismatch:The two password fields didn’t match.]","trace":"java.lang.AssertionError: expected [Please enter a valid username] but found [password_mismatch:The two password fields didn’t match.]\r\n\tat org.testng.Assert.fail(Assert.java:111)\r\n\tat org.testng.Assert.failNotEquals(Assert.java:1578)\r\n\tat org.testng.Assert.assertEqualsImpl(Assert.java:150)\r\n\tat org.testng.Assert.assertEquals(Assert.java:132)\r\n\tat org.testng.Assert.assertEquals(Assert.java:656)\r\n\tat org.testng.Assert.assertEquals(Assert.java:666)\r\n\tat StepDefinitions.RegisterStepDefinition.it_should_display_an_error_message(RegisterStepDefinition.java:89)\r\n\tat ✽.It should display an error message \"Please enter a valid username\"(file:///C:/Users/Manoj/git/DSAlgoProject_Test/src/test/resources/Features/Register.feature:38)\r\n"},"stage":"finished","steps":[],"attachments":[],"parameters":[],"start":1696877782024,"stop":1696877782063}],"attachments":[],"parameters":[],"start":1696877781667,"stop":1696877782065}