<?xml version="1.0" encoding="UTF-8"?>
<!-- Generated by org.testng.reporters.JUnitReportReporter -->
<testsuite hostname="LAPTOP-9I75B5P0" failures="8" tests="169" name="Runner.TestRunner" time="182.741" errors="0" timestamp="2023-10-09T15:28:50 EDT" skipped="0">
  <testcase classname="Runner.TestRunner" name="runScenario" time="0.683"/>
  <testcase classname="Runner.TestRunner" name="runScenario" time="0.376"/>
  <testcase classname="Runner.TestRunner" name="runScenario" time="2.877"/>
  <testcase classname="Runner.TestRunner" name="runScenario" time="0.856"/>
  <testcase classname="Runner.TestRunner" name="runScenario" time="1.273"/>
  <testcase classname="Runner.TestRunner" name="runScenario" time="0.640"/>
  <testcase classname="Runner.TestRunner" name="runScenario" time="0.829"/>
  <testcase classname="Runner.TestRunner" name="runScenario" time="0.385"/>
  <testcase classname="Runner.TestRunner" name="runScenario" time="2.502"/>
  <testcase classname="Runner.TestRunner" name="runScenario" time="2.529"/>
  <testcase classname="Runner.TestRunner" name="runScenario" time="2.518"/>
  <testcase classname="Runner.TestRunner" name="runScenario" time="0.380"/>
  <testcase classname="Runner.TestRunner" name="runScenario" time="0.666"/>
  <testcase classname="Runner.TestRunner" name="runScenario" time="0.359"/>
  <testcase classname="Runner.TestRunner" name="runScenario" time="0.639"/>
  <testcase classname="Runner.TestRunner" name="runScenario" time="2.518"/>
  <testcase classname="Runner.TestRunner" name="runScenario" time="0.364"/>
  <testcase classname="Runner.TestRunner" name="runScenario" time="0.925"/>
  <testcase classname="Runner.TestRunner" name="runScenario" time="0.462"/>
  <testcase classname="Runner.TestRunner" name="runScenario" time="2.680"/>
  <testcase classname="Runner.TestRunner" name="runScenario" time="0.582">
    <failure message="expected [Password should contain at least 8 characters] but found [password_mismatch:The two password fields didn’t match.]" type="java.lang.AssertionError">
      <![CDATA[java.lang.AssertionError: expected [Password should contain at least 8 characters] but found [password_mismatch:The two password fields didn’t match.]
at org.testng.Assert.fail(Assert.java:111)
at org.testng.Assert.failNotEquals(Assert.java:1578)
at org.testng.Assert.assertEqualsImpl(Assert.java:150)
at org.testng.Assert.assertEquals(Assert.java:132)
at org.testng.Assert.assertEquals(Assert.java:656)
at org.testng.Assert.assertEquals(Assert.java:666)
at StepDefinitions.RegisterStepDefinition.it_should_display_an_error_message(RegisterStepDefinition.java:89)
at ✽.It should display an error message "Password should contain at least 8 characters"(file:///C:/Users/Manoj/git/DSAlgoProject_Test/src/test/resources/Features/Register.feature:54)
]]>
    </failure>
  </testcase> <!-- runScenario -->
  <testcase classname="Runner.TestRunner" name="runScenario" time="0.572">
    <failure message="expected [password can�t be too similar to your other personal information.] but found [password_mismatch:The two password fields didn’t match.]" type="java.lang.AssertionError">
      <![CDATA[java.lang.AssertionError: expected [password can�t be too similar to your other personal information.] but found [password_mismatch:The two password fields didn’t match.]
at org.testng.Assert.fail(Assert.java:111)
at org.testng.Assert.failNotEquals(Assert.java:1578)
at org.testng.Assert.assertEqualsImpl(Assert.java:150)
at org.testng.Assert.assertEquals(Assert.java:132)
at org.testng.Assert.assertEquals(Assert.java:656)
at org.testng.Assert.assertEquals(Assert.java:666)
at StepDefinitions.RegisterStepDefinition.it_should_display_an_error_message(RegisterStepDefinition.java:89)
at ✽.It should display an error message "password can�t be too similar to your other personal information."(file:///C:/Users/Manoj/git/DSAlgoProject_Test/src/test/resources/Features/Register.feature:70)
]]>
    </failure>
  </testcase> <!-- runScenario -->
  <testcase classname="Runner.TestRunner" name="runScenario" time="0.466"/>
  <testcase classname="Runner.TestRunner" name="runScenario" time="2.680"/>
  <testcase classname="Runner.TestRunner" name="runScenario" time="0.347"/>
  <testcase classname="Runner.TestRunner" name="runScenario" time="0.356"/>
  <testcase classname="Runner.TestRunner" name="runScenario" time="2.469"/>
  <testcase classname="Runner.TestRunner" name="runScenario" time="1.057"/>
  <testcase classname="Runner.TestRunner" name="runScenario" time="0.444"/>
  <testcase classname="Runner.TestRunner" name="runScenario" time="0.316"/>
  <testcase classname="Runner.TestRunner" name="runScenario" time="0.326"/>
  <testcase classname="Runner.TestRunner" name="runScenario" time="0.483"/>
  <testcase classname="Runner.TestRunner" name="runScenario" time="0.673"/>
  <testcase classname="Runner.TestRunner" name="runScenario" time="0.493"/>
  <testcase classname="Runner.TestRunner" name="runScenario" time="0.679"/>
  <testcase classname="Runner.TestRunner" name="runScenario" time="0.318"/>
  <testcase classname="Runner.TestRunner" name="runScenario" time="2.775"/>
  <testcase classname="Runner.TestRunner" name="runScenario" time="0.686"/>
  <testcase classname="Runner.TestRunner" name="runScenario" time="0.680"/>
  <testcase classname="Runner.TestRunner" name="runScenario" time="0.661"/>
  <testcase classname="Runner.TestRunner" name="runScenario" time="2.562"/>
  <testcase classname="Runner.TestRunner" name="runScenario" time="0.427"/>
  <testcase classname="Runner.TestRunner" name="runScenario" time="0.808"/>
  <testcase classname="Runner.TestRunner" name="runScenario" time="0.612"/>
  <testcase classname="Runner.TestRunner" name="runScenario" time="0.361"/>
  <testcase classname="Runner.TestRunner" name="runScenario" time="0.753"/>
  <testcase classname="Runner.TestRunner" name="runScenario" time="1.917"/>
  <testcase classname="Runner.TestRunner" name="runScenario" time="0.733"/>
  <testcase classname="Runner.TestRunner" name="runScenario" time="0.575"/>
  <testcase classname="Runner.TestRunner" name="runScenario" time="0.690"/>
  <testcase classname="Runner.TestRunner" name="runScenario" time="2.529"/>
  <testcase classname="Runner.TestRunner" name="runScenario" time="0.370"/>
  <testcase classname="Runner.TestRunner" name="runScenario" time="1.062"/>
  <testcase classname="Runner.TestRunner" name="runScenario" time="0.536"/>
  <testcase classname="Runner.TestRunner" name="runScenario" time="2.498"/>
  <testcase classname="Runner.TestRunner" name="runScenario" time="0.438"/>
  <testcase classname="Runner.TestRunner" name="runScenario" time="0.670"/>
  <testcase classname="Runner.TestRunner" name="runScenario" time="0.518"/>
  <testcase classname="Runner.TestRunner" name="runScenario" time="2.878"/>
  <testcase classname="Runner.TestRunner" name="runScenario" time="0.688">
    <failure message="Title do not match expected [NumpyNinja] but found [Registration]" type="java.lang.AssertionError">
      <![CDATA[java.lang.AssertionError: Title do not match expected [NumpyNinja] but found [Registration]
at org.testng.Assert.fail(Assert.java:111)
at org.testng.Assert.failNotEquals(Assert.java:1578)
at org.testng.Assert.assertEqualsImpl(Assert.java:150)
at org.testng.Assert.assertEquals(Assert.java:132)
at org.testng.Assert.assertEquals(Assert.java:656)
at StepDefinitions.RegisterStepDefinition.the_user_should_be_redirected_to_homepage_with_the_message(RegisterStepDefinition.java:159)
at ✽.The user should be redirected to Homepage with the message "New Account Created. You are logged in as <username>"(file:///C:/Users/Manoj/git/DSAlgoProject_Test/src/test/resources/Features/Register.feature:86)
]]>
    </failure>
  </testcase> <!-- runScenario -->
  <testcase classname="Runner.TestRunner" name="runScenario" time="0.410"/>
  <testcase classname="Runner.TestRunner" name="runScenario" time="0.558"/>
  <testcase classname="Runner.TestRunner" name="runScenario" time="0.546">
    <failure message="expected [password_mismatch:The two password fields didn&#039;t match.] but found [password_mismatch:The two password fields didn’t match.]" type="java.lang.AssertionError">
      <![CDATA[java.lang.AssertionError: expected [password_mismatch:The two password fields didn't match.] but found [password_mismatch:The two password fields didn’t match.]
at org.testng.Assert.fail(Assert.java:111)
at org.testng.Assert.failNotEquals(Assert.java:1578)
at org.testng.Assert.assertEqualsImpl(Assert.java:150)
at org.testng.Assert.assertEquals(Assert.java:132)
at org.testng.Assert.assertEquals(Assert.java:656)
at org.testng.Assert.assertEquals(Assert.java:666)
at StepDefinitions.RegisterStepDefinition.it_should_display_an_error_message(RegisterStepDefinition.java:89)
at ✽.It should display an error message "password_mismatch:The two password fields didn't match."(file:///C:/Users/Manoj/git/DSAlgoProject_Test/src/test/resources/Features/Register.feature:46)
]]>
    </failure>
  </testcase> <!-- runScenario -->
  <testcase classname="Runner.TestRunner" name="runScenario" time="0.386"/>
  <testcase classname="Runner.TestRunner" name="runScenario" time="0.395"/>
  <testcase classname="Runner.TestRunner" name="runScenario" time="0.372"/>
  <testcase classname="Runner.TestRunner" name="runScenario" time="2.722"/>
  <testcase classname="Runner.TestRunner" name="runScenario" time="0.411"/>
  <testcase classname="Runner.TestRunner" name="runScenario" time="0.532"/>
  <testcase classname="Runner.TestRunner" name="runScenario" time="0.738"/>
  <testcase classname="Runner.TestRunner" name="runScenario" time="2.922"/>
  <testcase classname="Runner.TestRunner" name="runScenario" time="0.373"/>
  <testcase classname="Runner.TestRunner" name="runScenario" time="0.716"/>
  <testcase classname="Runner.TestRunner" name="runScenario" time="0.535"/>
  <testcase classname="Runner.TestRunner" name="runScenario" time="2.515"/>
  <testcase classname="Runner.TestRunner" name="runScenario" time="0.709"/>
  <testcase classname="Runner.TestRunner" name="runScenario" time="0.545"/>
  <testcase classname="Runner.TestRunner" name="runScenario" time="0.715"/>
  <testcase classname="Runner.TestRunner" name="runScenario" time="0.425"/>
  <testcase classname="Runner.TestRunner" name="runScenario" time="0.700"/>
  <testcase classname="Runner.TestRunner" name="runScenario" time="0.397"/>
  <testcase classname="Runner.TestRunner" name="runScenario" time="0.653"/>
  <testcase classname="Runner.TestRunner" name="runScenario" time="0.632">
    <failure message="expected [Please enter a valid username] but found [password_mismatch:The two password fields didn’t match.]" type="java.lang.AssertionError">
      <![CDATA[java.lang.AssertionError: expected [Please enter a valid username] but found [password_mismatch:The two password fields didn’t match.]
at org.testng.Assert.fail(Assert.java:111)
at org.testng.Assert.failNotEquals(Assert.java:1578)
at org.testng.Assert.assertEqualsImpl(Assert.java:150)
at org.testng.Assert.assertEquals(Assert.java:132)
at org.testng.Assert.assertEquals(Assert.java:656)
at org.testng.Assert.assertEquals(Assert.java:666)
at StepDefinitions.RegisterStepDefinition.it_should_display_an_error_message(RegisterStepDefinition.java:89)
at ✽.It should display an error message "Please enter a valid username"(file:///C:/Users/Manoj/git/DSAlgoProject_Test/src/test/resources/Features/Register.feature:38)
]]>
    </failure>
  </testcase> <!-- runScenario -->
  <testcase classname="Runner.TestRunner" name="runScenario" time="0.665"/>
  <testcase classname="Runner.TestRunner" name="runScenario" time="2.541"/>
  <testcase classname="Runner.TestRunner" name="runScenario" time="2.553"/>
  <testcase classname="Runner.TestRunner" name="runScenario" time="0.558"/>
  <testcase classname="Runner.TestRunner" name="runScenario" time="0.679"/>
  <testcase classname="Runner.TestRunner" name="runScenario" time="0.709"/>
  <testcase classname="Runner.TestRunner" name="runScenario" time="3.088"/>
  <testcase classname="Runner.TestRunner" name="runScenario" time="0.547"/>
  <testcase classname="Runner.TestRunner" name="runScenario" time="0.346"/>
  <testcase classname="Runner.TestRunner" name="runScenario" time="0.530"/>
  <testcase classname="Runner.TestRunner" name="runScenario" time="0.327"/>
  <testcase classname="Runner.TestRunner" name="runScenario" time="0.350"/>
  <testcase classname="Runner.TestRunner" name="runScenario" time="0.552"/>
  <testcase classname="Runner.TestRunner" name="runScenario" time="0.535"/>
  <testcase classname="Runner.TestRunner" name="runScenario" time="0.328"/>
  <testcase classname="Runner.TestRunner" name="runScenario" time="0.669"/>
  <testcase classname="Runner.TestRunner" name="runScenario" time="0.342"/>
  <testcase classname="Runner.TestRunner" name="runScenario" time="0.438">
    <failure message="expected [Username already exists] but found [password_mismatch:The two password fields didn’t match.]" type="java.lang.AssertionError">
      <![CDATA[java.lang.AssertionError: expected [Username already exists] but found [password_mismatch:The two password fields didn’t match.]
at org.testng.Assert.fail(Assert.java:111)
at org.testng.Assert.failNotEquals(Assert.java:1578)
at org.testng.Assert.assertEqualsImpl(Assert.java:150)
at org.testng.Assert.assertEquals(Assert.java:132)
at org.testng.Assert.assertEquals(Assert.java:656)
at org.testng.Assert.assertEquals(Assert.java:666)
at StepDefinitions.RegisterStepDefinition.it_should_display_an_error_message(RegisterStepDefinition.java:89)
at ✽.It should display an error message "Username already exists"(file:///C:/Users/Manoj/git/DSAlgoProject_Test/src/test/resources/Features/Register.feature:94)
]]>
    </failure>
  </testcase> <!-- runScenario -->
  <testcase classname="Runner.TestRunner" name="runScenario" time="2.638"/>
  <testcase classname="Runner.TestRunner" name="runScenario" time="2.532"/>
  <testcase classname="Runner.TestRunner" name="runScenario" time="0.335"/>
  <testcase classname="Runner.TestRunner" name="runScenario" time="2.526"/>
  <testcase classname="Runner.TestRunner" name="runScenario" time="0.768"/>
  <testcase classname="Runner.TestRunner" name="runScenario" time="0.565"/>
  <testcase classname="Runner.TestRunner" name="runScenario" time="1.047"/>
  <testcase classname="Runner.TestRunner" name="runScenario" time="0.336"/>
  <testcase classname="Runner.TestRunner" name="runScenario" time="0.480"/>
  <testcase classname="Runner.TestRunner" name="runScenario" time="0.676"/>
  <testcase classname="Runner.TestRunner" name="runScenario" time="0.374"/>
  <testcase classname="Runner.TestRunner" name="runScenario" time="2.618"/>
  <testcase classname="Runner.TestRunner" name="runScenario" time="0.520"/>
  <testcase classname="Runner.TestRunner" name="runScenario" time="0.489"/>
  <testcase classname="Runner.TestRunner" name="runScenario" time="0.735"/>
  <testcase classname="Runner.TestRunner" name="runScenario" time="0.477"/>
  <testcase classname="Runner.TestRunner" name="runScenario" time="0.370"/>
  <testcase classname="Runner.TestRunner" name="runScenario" time="0.309"/>
  <testcase classname="Runner.TestRunner" name="runScenario" time="0.441"/>
  <testcase classname="Runner.TestRunner" name="runScenario" time="0.486"/>
  <testcase classname="Runner.TestRunner" name="runScenario" time="1.842"/>
  <testcase classname="Runner.TestRunner" name="runScenario" time="3.856"/>
  <testcase classname="Runner.TestRunner" name="runScenario" time="2.519"/>
  <testcase classname="Runner.TestRunner" name="runScenario" time="0.695"/>
  <testcase classname="Runner.TestRunner" name="runScenario" time="2.495"/>
  <testcase classname="Runner.TestRunner" name="runScenario" time="0.629"/>
  <testcase classname="Runner.TestRunner" name="runScenario" time="0.524"/>
  <testcase classname="Runner.TestRunner" name="runScenario" time="2.482"/>
  <testcase classname="Runner.TestRunner" name="runScenario" time="0.312"/>
  <testcase classname="Runner.TestRunner" name="runScenario" time="2.139"/>
  <testcase classname="Runner.TestRunner" name="runScenario" time="0.412"/>
  <testcase classname="Runner.TestRunner" name="runScenario" time="2.496"/>
  <testcase classname="Runner.TestRunner" name="runScenario" time="0.572"/>
  <testcase classname="Runner.TestRunner" name="runScenario" time="0.346"/>
  <testcase classname="Runner.TestRunner" name="runScenario" time="2.501"/>
  <testcase classname="Runner.TestRunner" name="runScenario" time="2.482"/>
  <testcase classname="Runner.TestRunner" name="runScenario" time="0.669"/>
  <testcase classname="Runner.TestRunner" name="runScenario" time="0.447"/>
  <testcase classname="Runner.TestRunner" name="runScenario" time="0.318"/>
  <testcase classname="Runner.TestRunner" name="runScenario" time="2.696"/>
  <testcase classname="Runner.TestRunner" name="runScenario" time="1.464"/>
  <testcase classname="Runner.TestRunner" name="runScenario" time="2.569"/>
  <testcase classname="Runner.TestRunner" name="runScenario" time="0.524"/>
  <testcase classname="Runner.TestRunner" name="runScenario" time="0.762"/>
  <testcase classname="Runner.TestRunner" name="runScenario" time="0.517"/>
  <testcase classname="Runner.TestRunner" name="runScenario" time="2.581"/>
  <testcase classname="Runner.TestRunner" name="runScenario" time="0.479"/>
  <testcase classname="Runner.TestRunner" name="runScenario" time="0.476">
    <failure message="expected [Password can�t be commonly used password] but found [password_mismatch:The two password fields didn’t match.]" type="java.lang.AssertionError">
      <![CDATA[java.lang.AssertionError: expected [Password can�t be commonly used password] but found [password_mismatch:The two password fields didn’t match.]
at org.testng.Assert.fail(Assert.java:111)
at org.testng.Assert.failNotEquals(Assert.java:1578)
at org.testng.Assert.assertEqualsImpl(Assert.java:150)
at org.testng.Assert.assertEquals(Assert.java:132)
at org.testng.Assert.assertEquals(Assert.java:656)
at org.testng.Assert.assertEquals(Assert.java:666)
at StepDefinitions.RegisterStepDefinition.it_should_display_an_error_message(RegisterStepDefinition.java:89)
at ✽.It should display an error message "Password can�t be commonly used password"(file:///C:/Users/Manoj/git/DSAlgoProject_Test/src/test/resources/Features/Register.feature:78)
]]>
    </failure>
  </testcase> <!-- runScenario -->
  <testcase classname="Runner.TestRunner" name="runScenario" time="0.421"/>
  <testcase classname="Runner.TestRunner" name="runScenario" time="0.491">
    <failure message="expected [Password can�t be entirely numeric.] but found [password_mismatch:The two password fields didn’t match.]" type="java.lang.AssertionError">
      <![CDATA[java.lang.AssertionError: expected [Password can�t be entirely numeric.] but found [password_mismatch:The two password fields didn’t match.]
at org.testng.Assert.fail(Assert.java:111)
at org.testng.Assert.failNotEquals(Assert.java:1578)
at org.testng.Assert.assertEqualsImpl(Assert.java:150)
at org.testng.Assert.assertEquals(Assert.java:132)
at org.testng.Assert.assertEquals(Assert.java:656)
at org.testng.Assert.assertEquals(Assert.java:666)
at StepDefinitions.RegisterStepDefinition.it_should_display_an_error_message(RegisterStepDefinition.java:89)
at ✽.It should display an error message "Password can�t be entirely numeric."(file:///C:/Users/Manoj/git/DSAlgoProject_Test/src/test/resources/Features/Register.feature:62)
]]>
    </failure>
  </testcase> <!-- runScenario -->
  <testcase classname="Runner.TestRunner" name="runScenario" time="0.409"/>
  <testcase classname="Runner.TestRunner" name="runScenario" time="0.531"/>
  <testcase classname="Runner.TestRunner" name="runScenario" time="0.644"/>
  <testcase classname="Runner.TestRunner" name="runScenario" time="2.658"/>
  <testcase classname="Runner.TestRunner" name="runScenario" time="0.577"/>
  <testcase classname="Runner.TestRunner" name="runScenario" time="2.583"/>
  <testcase classname="Runner.TestRunner" name="runScenario" time="0.336"/>
  <testcase classname="Runner.TestRunner" name="runScenario" time="0.391"/>
  <testcase classname="Runner.TestRunner" name="runScenario" time="2.466"/>
  <testcase classname="Runner.TestRunner" name="runScenario" time="0.700"/>
  <testcase classname="Runner.TestRunner" name="runScenario" time="2.087"/>
  <testcase classname="Runner.TestRunner" name="runScenario" time="2.656"/>
  <testcase classname="Runner.TestRunner" name="runScenario" time="0.316"/>
  <testcase classname="Runner.TestRunner" name="runScenario" time="2.539"/>
  <testcase classname="Runner.TestRunner" name="runScenario" time="2.510"/>
  <testcase classname="Runner.TestRunner" name="runScenario" time="0.720"/>
  <testcase classname="Runner.TestRunner" name="runScenario" time="2.620"/>
  <testcase classname="Runner.TestRunner" name="runScenario" time="0.747"/>
</testsuite> <!-- Runner.TestRunner -->
